<?xml version="1.0" encoding="UTF-8" ?>
<testsuite errors="0" failures="0" hostname="cjn-PC" name="andycpp.CalculatorTest" tests="2" time="0.038" timestamp="2019-02-22T09:48:26">
  <properties>
    <property name="env.JAVA_TOOL_OPTIONS" value="-Dfile.encoding=UTF8" />
    <property name="java.vendor" value="Sun Microsystems Inc." />
    <property name="sun.java.launcher" value="SUN_STANDARD" />
    <property name="eclipse.pdebuild.templates" value="/D:/software/eclipse/plugins/org.eclipse.pde.build_3.5.1.R35x_20090820/templates/" />
    <property name="sun.management.compiler" value="HotSpot Client Compiler" />
    <property name="env.CURR_DIR" value="C:\Program Files (x86)\HP\LoadRunner\dat\Setup\LoadRunner\MSBuild\..\..\..\.." />
    <property name="env.PROMPT" value="$P$G" />
    <property name="os.name" value="Windows Vista" />
    <property name="env.FP_NO_HOST_CHECK" value="NO" />
    <property name="sun.boot.class.path" value="D:\software\jdk160_05\jre\lib\resources.jar;D:\software\jdk160_05\jre\lib\rt.jar;D:\software\jdk160_05\jre\lib\sunrsasign.jar;D:\software\jdk160_05\jre\lib\jsse.jar;D:\software\jdk160_05\jre\lib\jce.jar;D:\software\jdk160_05\jre\lib\charsets.jar;D:\software\jdk160_05\jre\classes" />
    <property name="env.COMPUTERNAME" value="CJN-PC" />
    <property name="env.CommonProgramW6432" value="C:\Program Files\Common Files" />
    <property name="env.ALLUSERSPROFILE" value="C:\ProgramData" />
    <property name="sun.desktop" value="windows" />
    <property name="java.vm.specification.vendor" value="Sun Microsystems Inc." />
    <property name="ant.home" value="D:\software\eclipse\plugins\org.apache.ant_1.7.1.v20090120-1145" />
    <property name="java.runtime.version" value="1.6.0_05-b13" />
    <property name="env.HOMEPATH" value="\Users\Administrator" />
    <property name="user.name" value="Administrator" />
    <property name="user.language" value="zh" />
    <property name="env.windows_tracing_flags" value="3" />
    <property name="sun.boot.library.path" value="D:\software\jdk160_05\jre\bin" />
    <property name="env.LR_PATH" value="C:\Program Files (x86)\HP\LoadRunner\" />
    <property name="ant.project.name" value="JUnit_Test" />
    <property name="java.version" value="1.6.0_05" />
    <property name="env.PROCESSOR_IDENTIFIER" value="Intel64 Family 6 Model 60 Stepping 3, GenuineIntel" />
    <property name="user.timezone" value="" />
    <property name="env.MpConfig_ProductPath" value="C:\Program Files\Windows Defender" />
    <property name="env.TEMP" value="C:\Users\ADMINI~1\AppData\Local\Temp" />
    <property name="sun.arch.data.model" value="32" />
    <property name="java.endorsed.dirs" value="D:\software\jdk160_05\jre\lib\endorsed" />
    <property name="env.PROCESSOR_ARCHITEW6432" value="AMD64" />
    <property name="sun.cpu.isalist" value="pentium_pro+mmx pentium_pro pentium+mmx pentium i486 i386 i86" />
    <property name="env.HOMEDRIVE" value="C:" />
    <property name="sun.jnu.encoding" value="GBK" />
    <property name="file.encoding.pkg" value="sun.io" />
    <property name="ECLIPSE_HOME" value="../../../software/eclipse" />
    <property name="file.separator" value="\" />
    <property name="java.specification.name" value="Java Platform API Specification" />
    <property name="java.class.version" value="50.0" />
    <property name="user.country" value="CN" />
    <property name="java.home" value="D:\software\jdk160_05\jre" />
    <property name="env.PSModulePath" value="C:\Windows\system32\WindowsPowerShell\v1.0\Modules\;C:\Program Files (x86)\Microsoft SQL Server\110\Tools\PowerShell\Modules\" />
    <property name="env.APPDATA" value="C:\Users\Administrator\AppData\Roaming" />
    <property name="env.PUBLIC" value="C:\Users\Public" />
    <property name="env.windows_tracing_logfile" value="C:\BVTBin\Tests\installpackage\csilogfile.log" />
    <property name="java.vm.info" value="mixed mode" />
    <property name="env.ComSpec" value="C:\Windows\system32\cmd.exe" />
    <property name="env.OS" value="Windows_NT" />
    <property name="env.CommonProgramFiles" value="C:\Program Files (x86)\Common Files" />
    <property name="ant.file" value="D:\Workspaces\eclipse\JUnit_Test\build.xml" />
    <property name="os.version" value="6.1" />
    <property name="env.ProgramW6432" value="C:\Program Files" />
    <property name="env.EXTRACTPATH" value="C:\Program Files (x86)\HP\LoadRunner\dat\Setup\LoadRunner\MSBuild\..\..\..\.." />
    <property name="env.CYGWIN" value="mintty" />
    <property name="path.separator" value=";" />
    <property name="java.vm.version" value="10.0-b19" />
    <property name="env.VUGEN_PATH" value="C:\Program Files (x86)\HP\LoadRunner\" />
    <property name="user.variant" value="" />
    <property name="env.USERPROFILE" value="C:\Users\Administrator" />
    <property name="env.MpConfig_ProductUserAppDataPath" value="C:\Users\Administrator\AppData\Local\Microsoft\Windows Defender" />
    <property name="ant.library.dir" value="D:\software\eclipse\plugins\org.apache.ant_1.7.1.v20090120-1145\lib" />
    <property name="junit.output.dir" value="junit" />
    <property name="env.JAVA_HOME" value="D:\software\jdk160_05" />
    <property name="java.awt.printerjob" value="sun.awt.windows.WPrinterJob" />
    <property name="env.TERM" value="dumb" />
    <property name="env.TMP" value="C:\Users\ADMINI~1\AppData\Local\Temp" />
    <property name="sun.io.unicode.encoding" value="UnicodeLittle" />
    <property name="env.LG_PATH" value="C:\Program Files (x86)\HP\LoadRunner\" />
    <property name="awt.toolkit" value="sun.awt.windows.WToolkit" />
    <property name="eclipse.pdebuild.scripts" value="/D:/software/eclipse/plugins/org.eclipse.pde.build_3.5.1.R35x_20090820/scripts/" />
    <property name="env.FTP_PASSIVE" value="1" />
    <property name="target" value="1.6" />
    <property name="user.home" value="C:\Users\Administrator" />
    <property name="env.ProgramData" value="C:\ProgramData" />
    <property name="env.SESSIONNAME" value="Console" />
    <property name="env.ProgramFiles(x86)" value="C:\Program Files (x86)" />
    <property name="env.CLASSPATH" value=".;D:\software\jdk160_05\lib;D:\software\jdk160_05\lib\tools.jar;D:\software\apache-ant-1.6.0\lib;D:\software\jdk160_05\jre\lib;D:\software\jdk160_05\lib\dt.jar;D:\software\jdk160_05\jre\lib\rt.jar" />
    <property name="java.specification.vendor" value="Sun Microsystems Inc." />
    <property name="java.vendor.url" value="http://java.sun.com/" />
    <property name="env.NUMBER_OF_PROCESSORS" value="4" />
    <property name="java.library.path" value="D:\software\jdk160_05\jre\bin;.;C:\Windows\Sun\Java\bin;C:\Windows\system32;C:\Windows;D:/software/jdk160_05/bin/../jre/bin/client;D:/software/jdk160_05/bin/../jre/bin;D:\software\jdk160_05\bin;D:\software\jdk160_05\jre\bin;D:\software\MySQL\MySQL Server 5.5\bin;C:\strawberry\c\bin;C:\strawberry\perl\bin;D:\software\apache-ant-1.6.0\bin;C:\Program Files\IDM Computer Solutions\UltraEdit;C:\Windows\System32;C:\Program Files\Microsoft SQL Server\110\DTS\Binn\;C:\Program Files (x86)\Microsoft SQL Server\110\Tools\Binn\;C:\Program Files\Microsoft SQL Server\110\Tools\Binn\;C:\Program Files (x86)\Microsoft SQL Server\110\Tools\Binn\ManagementStudio\;C:\Program Files (x86)\Microsoft Visual Studio 10.0\Common7\IDE\PrivateAssemblies\;C:\Program Files (x86)\Microsoft SQL Server\110\DTS\Binn\;C:\Program Files (x86)\MyDrivers\DriverGenius;C:\Program Files (x86)\MyDrivers\DriverGenius\ksoft" />
    <property name="env.LR_ROOT" value="C:\Program Files (x86)\HP\LoadRunner\" />
    <property name="java.vm.vendor" value="Sun Microsystems Inc." />
    <property name="env.MpConfig_ReportingGUID" value="F853DBAC-62A1-4A22-8766-1566CB276F71" />
    <property name="java.runtime.name" value="Java(TM) SE Runtime Environment" />
    <property name="ant.version" value="Apache Ant version 1.7.1 compiled on June 27 2008" />
    <property name="java.class.path" value="D:\Workspaces\eclipse\JUnit_Test\bin;D:\software\eclipse\plugins\org.junit4_4.5.0.v20090824\junit.jar;D:\software\eclipse\plugins\org.hamcrest.core_1.1.0.v20090501071000.jar;D:\Workspaces\eclipse\JUnit_Test;D:\software\jdk160_05\lib;D:\software\jdk160_05\lib\tools.jar;D:\software\apache-ant-1.6.0\lib;D:\software\jdk160_05\jre\lib;D:\software\jdk160_05\lib\dt.jar;D:\software\jdk160_05\jre\lib\rt.jar;D:\software\eclipse\plugins\org.apache.ant_1.7.1.v20090120-1145\lib\ant-launcher.jar;D:\software\eclipse\plugins\org.apache.ant_1.7.1.v20090120-1145\lib\ant.jar;D:\software\eclipse\plugins\org.apache.ant_1.7.1.v20090120-1145\lib\ant-junit.jar" />
    <property name="java.vm.specification.name" value="Java Virtual Machine Specification" />
    <property name="env.MEmuHyperv_Path" value="D:\Program Files\Microvirt\MEmuHyperv" />
    <property name="env.LOGONSERVER" value="\\CJN-PC" />
    <property name="env.windir" value="C:\Windows" />
    <property name="env.PROCESSOR_ARCHITECTURE" value="x86" />
    <property name="java.vm.specification.version" value="1.0" />
    <property name="env.LOGGER_CONFIG_PATH" value="C:\Program Files (x86)\HP\LoadRunner\dat\ltlogconf.xml" />
    <property name="sun.cpu.endian" value="little" />
    <property name="sun.os.patch.level" value="Service Pack 1" />
    <property name="debuglevel" value="source,lines,vars" />
    <property name="env.ProgramFiles" value="C:\Program Files (x86)" />
    <property name="env.ANT_HOME" value="D:\software\eclipse\plugins\org.apache.ant_1.7.1.v20090120-1145" />
    <property name="env.PROCESSOR_REVISION" value="3c03" />
    <property name="eclipse.pdebuild.home" value="/D:/software/eclipse/plugins/org.eclipse.pde.build_3.5.1.R35x_20090820/./" />
    <property name="java.io.tmpdir" value="C:\Users\ADMINI~1\AppData\Local\Temp\" />
    <property name="env.CommonProgramFiles(x86)" value="C:\Program Files (x86)\Common Files" />
    <property name="env.MpConfig_ProductAppDataPath" value="C:\ProgramData\Microsoft\Windows Defender" />
    <property name="java.vendor.url.bug" value="http://java.sun.com/cgi-bin/bugreport.cgi" />
    <property name="env.SystemRoot" value="C:\Windows" />
    <property name="java.awt.graphicsenv" value="sun.awt.Win32GraphicsEnvironment" />
    <property name="os.arch" value="x86" />
    <property name="java.ext.dirs" value="D:\software\jdk160_05\jre\lib\ext;C:\Windows\Sun\Java\lib\ext" />
    <property name="user.dir" value="D:\Workspaces\eclipse\JUnit_Test" />
    <property name="env.LOCALAPPDATA" value="C:\Users\Administrator\AppData\Local" />
    <property name="line.separator" value="
" />
    <property name="java.vm.name" value="Java HotSpot(TM) Client VM" />
    <property name="env.PATHEXT" value=".COM;.EXE;.BAT;.CMD;.VBS;.VBE;.JS;.JSE;.WSF;.WSH;.MSC" />
    <property name="env.Path" value="D:/software/jdk160_05/bin/../jre/bin/client;D:/software/jdk160_05/bin/../jre/bin;D:\software\jdk160_05\bin;D:\software\jdk160_05\jre\bin;D:\software\MySQL\MySQL Server 5.5\bin;C:\strawberry\c\bin;C:\strawberry\perl\bin;D:\software\apache-ant-1.6.0\bin;C:\Program Files\IDM Computer Solutions\UltraEdit;C:\Windows\System32;C:\Program Files\Microsoft SQL Server\110\DTS\Binn\;C:\Program Files (x86)\Microsoft SQL Server\110\Tools\Binn\;C:\Program Files\Microsoft SQL Server\110\Tools\Binn\;C:\Program Files (x86)\Microsoft SQL Server\110\Tools\Binn\ManagementStudio\;C:\Program Files (x86)\Microsoft Visual Studio 10.0\Common7\IDE\PrivateAssemblies\;C:\Program Files (x86)\Microsoft SQL Server\110\DTS\Binn\;C:\Program Files (x86)\MyDrivers\DriverGenius;C:\Program Files (x86)\MyDrivers\DriverGenius\ksoft" />
    <property name="basedir" value="D:\Workspaces\eclipse\JUnit_Test" />
    <property name="env.MEmu_Path" value="D:\Program Files\Microvirt" />
    <property name="ant.java.version" value="1.6" />
    <property name="ant.core.lib" value="D:\software\eclipse\plugins\org.apache.ant_1.7.1.v20090120-1145\lib\ant.jar" />
    <property name="env.USERNAME" value="Administrator" />
    <property name="env.SystemDrive" value="C:" />
    <property name="source" value="1.6" />
    <property name="file.encoding" value="UTF8" />
    <property name="env.USERDOMAIN" value="cjn-PC" />
    <property name="java.specification.version" value="1.6" />
    <property name="env.MpConfig_ProductCodeName" value="AntiSpyware" />
    <property name="env.ANALYSIS_PATH" value="C:\Program Files (x86)\HP\LoadRunner\" />
    <property name="env.TARGETDIR" value="C:\Program Files (x86)\HP\LoadRunner\dat\Setup\LoadRunner\MSBuild\..\..\..\.." />
    <property name="env.LOG_FILE" value="C:\Users\ADMINI~1\AppData\Local\Temp\ihp_custom_batches.log" />
    <property name="env.PROCESSOR_LEVEL" value="6" />
    <property name="ant.file.JUnit_Test" value="D:\Workspaces\eclipse\JUnit_Test\build.xml" />
  </properties>
  <testcase classname="andycpp.CalculatorTest" name="testAdd" time="0.0010" />
  <testcase classname="andycpp.CalculatorTest" name="testMultiply" time="0.0" />
  <system-out><![CDATA[跑此测试类所有方法前调用......
每个测试方法执行之前都会被调用......
testAdd  running ......
每个测试方法执行之后都会被调用......
每个测试方法执行之前都会被调用......
testMultiply  running ......
每个测试方法执行之后都会被调用......
跑此测试类所有方法之后调用......
]]></system-out>
  <system-err><![CDATA[]]></system-err>
</testsuite>
